<?xml version="1.0" encoding="UTF-8"?>
<!-- Generated by org.testng.reporters.JUnitReportReporter -->
<testsuite hostname="Pavani" failures="0" tests="1" name="SeleniumBasics.Practiceprgrm" time="21.186" errors="0" timestamp="2024-03-07T14:14:52 IST" skipped="0">
  <testcase classname="SeleniumBasics.Practiceprgrm" name="Practiceprgrm" time="21.186"/>
  <system-out/>
</testsuite> <!-- SeleniumBasics.Practiceprgrm -->
