<?xml version="1.0" encoding="UTF-8"?>
<!-- Generated by org.testng.reporters.JUnitReportReporter -->
<testsuite hostname="Pavani" failures="0" tests="1" name="SeleniumBasics.Screenshotdemo" time="14.339" errors="0" timestamp="2024-03-05T15:59:02 IST" skipped="0">
  <testcase classname="SeleniumBasics.Screenshotdemo" name="testScreenshot" time="14.339"/>
  <system-out/>
</testsuite> <!-- SeleniumBasics.Screenshotdemo -->
