<?xml version="1.0" encoding="UTF-8"?>
<!-- Generated by org.testng.reporters.JUnitReportReporter -->
<testsuite hostname="Pavani" failures="0" tests="5" name="SeleniumBasics.MiniProject1" time="20.427" errors="0" timestamp="2024-06-12T15:16:13 IST" skipped="0">
  <testcase classname="SeleniumBasics.MiniProject1" name="userid" time="10.322"/>
  <system-out/>
  <testcase classname="SeleniumBasics.MiniProject1" name="password" time="3.169"/>
  <system-out/>
  <testcase classname="SeleniumBasics.MiniProject1" name="radiobutton" time="3.088"/>
  <system-out/>
  <testcase classname="SeleniumBasics.MiniProject1" name="dropdown" time="3.603"/>
  <system-out/>
  <testcase classname="SeleniumBasics.MiniProject1" name="checkboxes" time="0.245"/>
  <system-out/>
</testsuite> <!-- SeleniumBasics.MiniProject1 -->
