<?xml version="1.0" encoding="UTF-8"?>
<!-- Generated by org.testng.reporters.JUnitReportReporter -->
<testsuite hostname="Pavani" failures="0" tests="2" name="SeleniumBasics.Paralleltesting" time="9.815" errors="0" timestamp="2024-06-11T14:31:46 IST" skipped="0">
  <testcase classname="SeleniumBasics.Paralleltesting" name="Test" time="4.534"/>
  <system-out/>
  <testcase classname="SeleniumBasics.Paralleltesting" name="Test" time="5.281"/>
  <system-out/>
</testsuite> <!-- SeleniumBasics.Paralleltesting -->
